<?xml version="1.0" encoding="UTF-8"?>
<!-- Generated by org.testng.reporters.JUnitXMLReporter -->
<testsuite ignored="1" hostname="DESKTOP-DQN0RRE" failures="0" tests="1" name="Default test" time="10.126" errors="0" timestamp="2021-07-06T20:05:30 IST">
  <testcase classname="com.magento.testcases.LoginPageTest" name="loginSuccessTest" time="2.083"/>
  <testcase classname="com.magento.testcases.LoginPageTest" name="loginFailureTest" time="0.0">
    <ignored/>
  </testcase> <!-- loginFailureTest -->
</testsuite> <!-- Default test -->
