<?xml version="1.0" encoding="UTF-8"?>
<!-- Generated by org.testng.reporters.JUnitXMLReporter -->
<testsuite ignored="0" hostname="DESKTOP-DQN0RRE" failures="0" tests="4" name="Default test" time="63.33" errors="0" timestamp="2022-03-05T20:02:17 IST">
  <testcase classname="com.purnadata.testcases.EmployeeTest" name="addNewEmployeeSuccessTest" time="5.538"/>
  <testcase classname="com.purnadata.testcases.EmployeeTest" name="addNewEmployeeSuccessTest" time="5.466"/>
  <testcase classname="com.purnadata.testcases.EmployeeTest" name="addNewEmployeeSuccessTest" time="5.871"/>
  <testcase classname="com.purnadata.testcases.EmployeeTest" name="addNewEmployeeSuccessTest" time="5.639"/>
</testsuite> <!-- Default test -->
