<?xml version="1.0" encoding="UTF-8"?>
<testng-results ignored="0" total="1" passed="1" failed="0" skipped="0">
  <reporter-output>
  </reporter-output>
  <suite started-at="2022-01-30T09:05:34 IST" name="Default suite" finished-at="2022-01-30T09:05:44 IST" duration-ms="10337">
    <groups>
    </groups>
    <test started-at="2022-01-30T09:05:34 IST" name="Default test" finished-at="2022-01-30T09:05:44 IST" duration-ms="10337">
      <class name="com.purnadata.testcases.InventoryTest">
        <test-method is-config="true" signature="inti()[pri:0, instance:com.purnadata.testcases.InventoryTest@5e2c3d18]" started-at="2022-01-30T09:05:35 IST" name="inti" finished-at="2022-01-30T09:05:40 IST" duration-ms="5436" status="PASS">
          <reporter-output>
          </reporter-output>
        </test-method> <!-- inti -->
        <test-method signature="addInventorySuccessTest(java.lang.String,java.lang.String,java.lang.String,java.lang.String,java.lang.String,java.lang.String)[pri:0, instance:com.purnadata.testcases.InventoryTest@5e2c3d18]" started-at="2022-01-30T09:05:40 IST" name="addInventorySuccessTest" data-provider="getInventoryData" finished-at="2022-01-30T09:05:44 IST" duration-ms="3643" status="PASS">
          <params>
            <param index="0">
              <value>
                <![CDATA[1003.0]]>
              </value>
            </param>
            <param index="1">
              <value>
                <![CDATA[grocery12]]>
              </value>
            </param>
            <param index="2">
              <value>
                <![CDATA[Grossery]]>
              </value>
            </param>
            <param index="3">
              <value>
                <![CDATA[2500.0]]>
              </value>
            </param>
            <param index="4">
              <value>
                <![CDATA[2.0]]>
              </value>
            </param>
            <param index="5">
              <value>
                <![CDATA[5000.0]]>
              </value>
            </param>
          </params>
          <reporter-output>
          </reporter-output>
        </test-method> <!-- addInventorySuccessTest -->
        <test-method is-config="true" signature="browserclose()[pri:0, instance:com.purnadata.testcases.InventoryTest@5e2c3d18]" started-at="2022-01-30T09:05:44 IST" name="browserclose" finished-at="2022-01-30T09:05:44 IST" duration-ms="383" status="PASS">
          <reporter-output>
          </reporter-output>
        </test-method> <!-- browserclose -->
      </class> <!-- com.purnadata.testcases.InventoryTest -->
    </test> <!-- Default test -->
  </suite> <!-- Default suite -->
</testng-results>
